<?xml version="1.0" encoding="UTF-8"?>
<beans xmlns="http://www.springframework.org/schema/beans"
       xmlns:xsi="http://www.w3.org/2001/XMLSchema-instance"
       xmlns:context="http://www.springframework.org/schema/context"
       xsi:schemaLocation="
       http://www.springframework.org/schema/beans http://www.springframework.org/schema/beans/spring-beans.xsd
       http://www.springframework.org/schema/context http://www.springframework.org/schema/context/spring-context.xsd">

    <context:property-placeholder location="classpath:properties/app.properties"
                                  ignore-resource-not-found="true" ignore-unresolvable="true" />

    <!-- For simplest integration, so that all SecurityUtils.* methods work in all cases, -->
    <!-- make the securityManager bean a static singleton.  DO NOT do this in web         -->
    <!-- applications - see the 'Web Applications' section below instead.                 -->
    <!--<bean class="org.springframework.beans.factory.config.MethodInvokingFactoryBean">
        <property name="staticMethod" value="org.apache.shiro.SecurityUtils.setSecurityManager"/>
        <property name="arguments" ref="securityManager"/>
    </bean>-->

</beans>